<?xml version="1.0" encoding="UTF-8"?>
<!-- Generated by org.testng.reporters.JUnitXMLReporter -->
<testsuite hostname="D01TMC048" ignored="0" name="EmpRoleTest" tests="10" failures="0" timestamp="2021-02-26T18:53:19 IST" time="119.832" errors="0">
  <testcase name="assertEMPusername" time="4.875" classname="EmpRoleTestCase.LoginTestCase"/>
  <testcase name="enableNewService" time="0.916" classname="EmpRoleTestCase.EmpserviceTestCase"/>
  <testcase name="verifyserviceEnabled" time="0.046" classname="EmpRoleTestCase.EmpserviceTestCase"/>
  <testcase name="verifyserviceRemoved" time="0.698" classname="EmpRoleTestCase.EmpserviceTestCase"/>
  <testcase name="verifyLeaveApplied" time="4.907" classname="EmpRoleTestCase.EmpApplyLeaveTestCase"/>
  <testcase name="verifyCancelLeaveRequest" time="2.507" classname="EmpRoleTestCase.EmpApplyLeaveTestCase"/>
  <testcase name="verifyApplyWFH" time="7.383" classname="EmpRoleTestCase.EmpApplyWFHTestCase"/>
  <testcase name="verifyCancelWFHRequest" time="3.774" classname="EmpRoleTestCase.EmpApplyWFHTestCase"/>
  <testcase name="verifyApplyOutOffice" time="4.99" classname="EmpRoleTestCase.EmpApplyOutOfficeTestCase"/>
  <testcase name="verifyCancelOutOfficeRequest" time="4.497" classname="EmpRoleTestCase.EmpApplyOutOfficeTestCase"/>
</testsuite> <!-- EmpRoleTest -->
