<?xml version="1.0" encoding="UTF-8"?>
<testng-results skipped="0" failed="0" ignored="0" total="10" passed="10">
  <reporter-output>
  </reporter-output>
  <suite name="Suite" duration-ms="120923" started-at="2021-02-26T18:07:59 IST" finished-at="2021-02-26T18:09:59 IST">
    <groups>
    </groups>
    <test name="EmpRoleTest" duration-ms="120923" started-at="2021-02-26T18:07:59 IST" finished-at="2021-02-26T18:09:59 IST">
      <class name="EmpRoleTestCase.EmpApplyLeaveTestCase">
        <test-method status="PASS" signature="setupExtentReport()[pri:0, instance:EmpRoleTestCase.EmpApplyLeaveTestCase@76b0bfab]" name="setupExtentReport" is-config="true" duration-ms="123" started-at="2021-02-26T18:07:59 IST" finished-at="2021-02-26T18:07:59 IST">
          <reporter-output>
          </reporter-output>
        </test-method> <!-- setupExtentReport -->
        <test-method status="PASS" signature="setUp(java.lang.String)[pri:0, instance:EmpRoleTestCase.EmpApplyLeaveTestCase@76b0bfab]" name="setUp" is-config="true" duration-ms="8100" started-at="2021-02-26T18:08:38 IST" finished-at="2021-02-26T18:08:46 IST">
          <params>
            <param index="0">
              <value>
                <![CDATA[chrome]]>
              </value>
            </param>
          </params>
          <reporter-output>
          </reporter-output>
        </test-method> <!-- setUp -->
        <test-method status="PASS" signature="verifyLeaveApplied(java.lang.String, java.lang.String, java.lang.String, java.lang.String, java.lang.String, java.lang.String, java.lang.String, java.lang.String, java.lang.String)[pri:1, instance:EmpRoleTestCase.EmpApplyLeaveTestCase@76b0bfab]" name="verifyLeaveApplied" duration-ms="4067" started-at="2021-02-26T18:08:46 IST" data-provider="ApplyLeaveRequest" finished-at="2021-02-26T18:08:50 IST">
          <params>
            <param index="0">
              <value>
                <![CDATA[NO]]>
              </value>
            </param>
            <param index="1">
              <value>
                <![CDATA[Sick]]>
              </value>
            </param>
            <param index="2">
              <value>
                <![CDATA[Mar]]>
              </value>
            </param>
            <param index="3">
              <value>
                <![CDATA[30]]>
              </value>
            </param>
            <param index="4">
              <value>
                <![CDATA[Mar]]>
              </value>
            </param>
            <param index="5">
              <value>
                <![CDATA[30]]>
              </value>
            </param>
            <param index="6">
              <value>
                <![CDATA[Firstname_56 LastName_56]]>
              </value>
            </param>
            <param index="7">
              <value>
                <![CDATA[Leave]]>
              </value>
            </param>
            <param index="8">
              <value>
                <![CDATA[Your leave request has been submitted successfully]]>
              </value>
            </param>
          </params>
          <reporter-output>
          </reporter-output>
        </test-method> <!-- verifyLeaveApplied -->
        <test-method status="PASS" signature="tearDown(org.testng.ITestResult)[pri:0, instance:EmpRoleTestCase.EmpApplyLeaveTestCase@76b0bfab]" name="tearDown" is-config="true" duration-ms="618" started-at="2021-02-26T18:08:50 IST" finished-at="2021-02-26T18:08:51 IST">
          <params>
            <param index="0">
              <value>
                <![CDATA[[TestResult name=verifyLeaveApplied status=SUCCESS method=EmpApplyLeaveTestCase.verifyLeaveApplied(java.lang.String, java.lang.String, java.lang.String, java.lang.String, java.lang.String, java.lang.String, java.lang.String, java.lang.String, java.lang.String)[pri:1, instance:EmpRoleTestCase.EmpApplyLeaveTestCase@76b0bfab] output={null}]]]>
              </value>
            </param>
          </params>
          <reporter-output>
          </reporter-output>
        </test-method> <!-- tearDown -->
        <test-method status="PASS" signature="setUp(java.lang.String)[pri:0, instance:EmpRoleTestCase.EmpApplyLeaveTestCase@76b0bfab]" name="setUp" is-config="true" duration-ms="8195" started-at="2021-02-26T18:08:51 IST" finished-at="2021-02-26T18:08:59 IST">
          <params>
            <param index="0">
              <value>
                <![CDATA[chrome]]>
              </value>
            </param>
          </params>
          <reporter-output>
          </reporter-output>
        </test-method> <!-- setUp -->
        <test-method status="PASS" signature="verifyCancelLeaveRequest(java.lang.String, java.lang.String, java.lang.String)[pri:2, instance:EmpRoleTestCase.EmpApplyLeaveTestCase@76b0bfab]" name="verifyCancelLeaveRequest" duration-ms="1954" started-at="2021-02-26T18:08:59 IST" data-provider="CancelLeaveRequest" finished-at="2021-02-26T18:09:01 IST">
          <params>
            <param index="0">
              <value>
                <![CDATA[Pending]]>
              </value>
            </param>
            <param index="1">
              <value>
                <![CDATA[Sick]]>
              </value>
            </param>
            <param index="2">
              <value>
                <![CDATA[Your leave request has been canceled successfully]]>
              </value>
            </param>
          </params>
          <reporter-output>
          </reporter-output>
        </test-method> <!-- verifyCancelLeaveRequest -->
        <test-method status="PASS" signature="tearDown(org.testng.ITestResult)[pri:0, instance:EmpRoleTestCase.EmpApplyLeaveTestCase@76b0bfab]" name="tearDown" is-config="true" duration-ms="1119" started-at="2021-02-26T18:09:01 IST" finished-at="2021-02-26T18:09:02 IST">
          <params>
            <param index="0">
              <value>
                <![CDATA[[TestResult name=verifyCancelLeaveRequest status=SUCCESS method=EmpApplyLeaveTestCase.verifyCancelLeaveRequest(java.lang.String, java.lang.String, java.lang.String)[pri:2, instance:EmpRoleTestCase.EmpApplyLeaveTestCase@76b0bfab] output={null}]]]>
              </value>
            </param>
          </params>
          <reporter-output>
          </reporter-output>
        </test-method> <!-- tearDown -->
        <test-method status="PASS" signature="endReport()[pri:0, instance:EmpRoleTestCase.EmpApplyLeaveTestCase@76b0bfab]" name="endReport" is-config="true" duration-ms="250" started-at="2021-02-26T18:09:59 IST" finished-at="2021-02-26T18:09:59 IST">
          <reporter-output>
          </reporter-output>
        </test-method> <!-- endReport -->
      </class> <!-- EmpRoleTestCase.EmpApplyLeaveTestCase -->
      <class name="EmpRoleTestCase.LoginTestCase">
        <test-method status="PASS" signature="setupExtentReport()[pri:0, instance:EmpRoleTestCase.LoginTestCase@52feb982]" name="setupExtentReport" is-config="true" duration-ms="4" started-at="2021-02-26T18:07:59 IST" finished-at="2021-02-26T18:07:59 IST">
          <reporter-output>
          </reporter-output>
        </test-method> <!-- setupExtentReport -->
        <test-method status="PASS" signature="startBrowser(java.lang.String)[pri:0, instance:EmpRoleTestCase.LoginTestCase@52feb982]" name="startBrowser" is-config="true" duration-ms="4045" started-at="2021-02-26T18:07:59 IST" finished-at="2021-02-26T18:08:03 IST">
          <params>
            <param index="0">
              <value>
                <![CDATA[chrome]]>
              </value>
            </param>
          </params>
          <reporter-output>
          </reporter-output>
        </test-method> <!-- startBrowser -->
        <test-method status="PASS" signature="assertEMPusername()[pri:0, instance:EmpRoleTestCase.LoginTestCase@52feb982]" name="assertEMPusername" duration-ms="6525" started-at="2021-02-26T18:08:03 IST" finished-at="2021-02-26T18:08:09 IST">
          <reporter-output>
          </reporter-output>
        </test-method> <!-- assertEMPusername -->
        <test-method status="PASS" signature="tearDown(org.testng.ITestResult)[pri:0, instance:EmpRoleTestCase.LoginTestCase@52feb982]" name="tearDown" is-config="true" duration-ms="603" started-at="2021-02-26T18:08:09 IST" finished-at="2021-02-26T18:08:10 IST">
          <params>
            <param index="0">
              <value>
                <![CDATA[[TestResult name=assertEMPusername status=SUCCESS method=LoginTestCase.assertEMPusername()[pri:0, instance:EmpRoleTestCase.LoginTestCase@52feb982] output={null}]]]>
              </value>
            </param>
          </params>
          <reporter-output>
          </reporter-output>
        </test-method> <!-- tearDown -->
        <test-method status="PASS" signature="endReport()[pri:0, instance:EmpRoleTestCase.LoginTestCase@52feb982]" name="endReport" is-config="true" duration-ms="2" started-at="2021-02-26T18:09:59 IST" finished-at="2021-02-26T18:09:59 IST">
          <reporter-output>
          </reporter-output>
        </test-method> <!-- endReport -->
      </class> <!-- EmpRoleTestCase.LoginTestCase -->
      <class name="EmpRoleTestCase.EmpApplyWFHTestCase">
        <test-method status="PASS" signature="setupExtentReport()[pri:0, instance:EmpRoleTestCase.EmpApplyWFHTestCase@17d677df]" name="setupExtentReport" is-config="true" duration-ms="0" started-at="2021-02-26T18:07:59 IST" finished-at="2021-02-26T18:07:59 IST">
          <reporter-output>
          </reporter-output>
        </test-method> <!-- setupExtentReport -->
        <test-method status="PASS" signature="setUp(java.lang.String)[pri:0, instance:EmpRoleTestCase.EmpApplyWFHTestCase@17d677df]" name="setUp" is-config="true" duration-ms="7588" started-at="2021-02-26T18:09:02 IST" finished-at="2021-02-26T18:09:10 IST">
          <params>
            <param index="0">
              <value>
                <![CDATA[chrome]]>
              </value>
            </param>
          </params>
          <reporter-output>
          </reporter-output>
        </test-method> <!-- setUp -->
        <test-method status="PASS" signature="verifyApplyWFH(java.lang.String, java.lang.String, java.lang.String, java.lang.String, java.lang.String, java.lang.String, java.lang.String, java.lang.String)[pri:1, instance:EmpRoleTestCase.EmpApplyWFHTestCase@17d677df]" name="verifyApplyWFH" duration-ms="8976" started-at="2021-02-26T18:09:10 IST" data-provider="ApplyWFHRequest" finished-at="2021-02-26T18:09:18 IST">
          <params>
            <param index="0">
              <value>
                <![CDATA[Jan]]>
              </value>
            </param>
            <param index="1">
              <value>
                <![CDATA[18]]>
              </value>
            </param>
            <param index="2">
              <value>
                <![CDATA[Jan]]>
              </value>
            </param>
            <param index="3">
              <value>
                <![CDATA[18]]>
              </value>
            </param>
            <param index="4">
              <value>
                <![CDATA[9841568382]]>
              </value>
            </param>
            <param index="5">
              <value>
                <![CDATA[Firstname_56 LastName_56]]>
              </value>
            </param>
            <param index="6">
              <value>
                <![CDATA[WorkFromHome]]>
              </value>
            </param>
            <param index="7">
              <value>
                <![CDATA[Your Work From Home request has been submitted successfully.]]>
              </value>
            </param>
          </params>
          <reporter-output>
          </reporter-output>
        </test-method> <!-- verifyApplyWFH -->
        <test-method status="PASS" signature="tearDown(org.testng.ITestResult)[pri:0, instance:EmpRoleTestCase.EmpApplyWFHTestCase@17d677df]" name="tearDown" is-config="true" duration-ms="617" started-at="2021-02-26T18:09:18 IST" finished-at="2021-02-26T18:09:19 IST">
          <params>
            <param index="0">
              <value>
                <![CDATA[[TestResult name=verifyApplyWFH status=SUCCESS method=EmpApplyWFHTestCase.verifyApplyWFH(java.lang.String, java.lang.String, java.lang.String, java.lang.String, java.lang.String, java.lang.String, java.lang.String, java.lang.String)[pri:1, instance:EmpRoleTestCase.EmpApplyWFHTestCase@17d677df] output={null}]]]>
              </value>
            </param>
          </params>
          <reporter-output>
          </reporter-output>
        </test-method> <!-- tearDown -->
        <test-method status="PASS" signature="setUp(java.lang.String)[pri:0, instance:EmpRoleTestCase.EmpApplyWFHTestCase@17d677df]" name="setUp" is-config="true" duration-ms="8426" started-at="2021-02-26T18:09:19 IST" finished-at="2021-02-26T18:09:28 IST">
          <params>
            <param index="0">
              <value>
                <![CDATA[chrome]]>
              </value>
            </param>
          </params>
          <reporter-output>
          </reporter-output>
        </test-method> <!-- setUp -->
        <test-method status="PASS" signature="verifyCancelWFHRequest(java.lang.String, java.lang.String, java.lang.String)[pri:2, instance:EmpRoleTestCase.EmpApplyWFHTestCase@17d677df]" name="verifyCancelWFHRequest" duration-ms="4670" started-at="2021-02-26T18:09:28 IST" data-provider="CancelWFHRequest" finished-at="2021-02-26T18:09:32 IST">
          <params>
            <param index="0">
              <value>
                <![CDATA[Waiting for Reporting approval]]>
              </value>
            </param>
            <param index="1">
              <value>
                <![CDATA[Mon, Jan 18, 2021]]>
              </value>
            </param>
            <param index="2">
              <value>
                <![CDATA[Your request has been cancelled successfully]]>
              </value>
            </param>
          </params>
          <reporter-output>
          </reporter-output>
        </test-method> <!-- verifyCancelWFHRequest -->
        <test-method status="PASS" signature="tearDown(org.testng.ITestResult)[pri:0, instance:EmpRoleTestCase.EmpApplyWFHTestCase@17d677df]" name="tearDown" is-config="true" duration-ms="629" started-at="2021-02-26T18:09:32 IST" finished-at="2021-02-26T18:09:33 IST">
          <params>
            <param index="0">
              <value>
                <![CDATA[[TestResult name=verifyCancelWFHRequest status=SUCCESS method=EmpApplyWFHTestCase.verifyCancelWFHRequest(java.lang.String, java.lang.String, java.lang.String)[pri:2, instance:EmpRoleTestCase.EmpApplyWFHTestCase@17d677df] output={null}]]]>
              </value>
            </param>
          </params>
          <reporter-output>
          </reporter-output>
        </test-method> <!-- tearDown -->
        <test-method status="PASS" signature="endReport()[pri:0, instance:EmpRoleTestCase.EmpApplyWFHTestCase@17d677df]" name="endReport" is-config="true" duration-ms="2" started-at="2021-02-26T18:09:59 IST" finished-at="2021-02-26T18:09:59 IST">
          <reporter-output>
          </reporter-output>
        </test-method> <!-- endReport -->
      </class> <!-- EmpRoleTestCase.EmpApplyWFHTestCase -->
      <class name="EmpRoleTestCase.EmpserviceTestCase">
        <test-method status="PASS" signature="setupExtentReport()[pri:0, instance:EmpRoleTestCase.EmpserviceTestCase@7a765367]" name="setupExtentReport" is-config="true" duration-ms="4" started-at="2021-02-26T18:07:59 IST" finished-at="2021-02-26T18:07:59 IST">
          <reporter-output>
          </reporter-output>
        </test-method> <!-- setupExtentReport -->
        <test-method status="PASS" signature="setUp(java.lang.String)[pri:0, instance:EmpRoleTestCase.EmpserviceTestCase@7a765367]" name="setUp" is-config="true" duration-ms="7822" started-at="2021-02-26T18:08:10 IST" finished-at="2021-02-26T18:08:18 IST">
          <params>
            <param index="0">
              <value>
                <![CDATA[chrome]]>
              </value>
            </param>
          </params>
          <reporter-output>
          </reporter-output>
        </test-method> <!-- setUp -->
        <test-method status="PASS" signature="enableNewService(java.lang.String)[pri:1, instance:EmpRoleTestCase.EmpserviceTestCase@7a765367]" name="enableNewService" duration-ms="1050" started-at="2021-02-26T18:08:18 IST" data-provider="ServiceCheckboxName" finished-at="2021-02-26T18:08:19 IST">
          <params>
            <param index="0">
              <value>
                <![CDATA[Apply Out Of Office]]>
              </value>
            </param>
          </params>
          <reporter-output>
          </reporter-output>
        </test-method> <!-- enableNewService -->
        <test-method status="PASS" signature="tearDown(org.testng.ITestResult)[pri:0, instance:EmpRoleTestCase.EmpserviceTestCase@7a765367]" name="tearDown" is-config="true" duration-ms="632" started-at="2021-02-26T18:08:19 IST" finished-at="2021-02-26T18:08:20 IST">
          <params>
            <param index="0">
              <value>
                <![CDATA[[TestResult name=enableNewService status=SUCCESS method=EmpserviceTestCase.enableNewService(java.lang.String)[pri:1, instance:EmpRoleTestCase.EmpserviceTestCase@7a765367] output={null}]]]>
              </value>
            </param>
          </params>
          <reporter-output>
          </reporter-output>
        </test-method> <!-- tearDown -->
        <test-method status="PASS" signature="setUp(java.lang.String)[pri:0, instance:EmpRoleTestCase.EmpserviceTestCase@7a765367]" name="setUp" is-config="true" duration-ms="8035" started-at="2021-02-26T18:08:20 IST" finished-at="2021-02-26T18:08:28 IST">
          <params>
            <param index="0">
              <value>
                <![CDATA[chrome]]>
              </value>
            </param>
          </params>
          <reporter-output>
          </reporter-output>
        </test-method> <!-- setUp -->
        <test-method status="PASS" signature="verifyserviceEnabled(java.lang.String, java.lang.String, java.lang.String)[pri:2, instance:EmpRoleTestCase.EmpserviceTestCase@7a765367]" name="verifyserviceEnabled" duration-ms="33" started-at="2021-02-26T18:08:28 IST" data-provider="VerifyServiceEnabled" finished-at="2021-02-26T18:08:28 IST">
          <params>
            <param index="0">
              <value>
                <![CDATA[Apply Out Of Office]]>
              </value>
            </param>
            <param index="1">
              <value>
                <![CDATA[Apply Out Of Office/Work From Home]]>
              </value>
            </param>
            <param index="2">
              <value>
                <![CDATA[9]]>
              </value>
            </param>
          </params>
          <reporter-output>
          </reporter-output>
        </test-method> <!-- verifyserviceEnabled -->
        <test-method status="PASS" signature="tearDown(org.testng.ITestResult)[pri:0, instance:EmpRoleTestCase.EmpserviceTestCase@7a765367]" name="tearDown" is-config="true" duration-ms="613" started-at="2021-02-26T18:08:28 IST" finished-at="2021-02-26T18:08:28 IST">
          <params>
            <param index="0">
              <value>
                <![CDATA[[TestResult name=verifyserviceEnabled status=SUCCESS method=EmpserviceTestCase.verifyserviceEnabled(java.lang.String, java.lang.String, java.lang.String)[pri:2, instance:EmpRoleTestCase.EmpserviceTestCase@7a765367] output={null}]]]>
              </value>
            </param>
          </params>
          <reporter-output>
          </reporter-output>
        </test-method> <!-- tearDown -->
        <test-method status="PASS" signature="setUp(java.lang.String)[pri:0, instance:EmpRoleTestCase.EmpserviceTestCase@7a765367]" name="setUp" is-config="true" duration-ms="7927" started-at="2021-02-26T18:08:28 IST" finished-at="2021-02-26T18:08:36 IST">
          <params>
            <param index="0">
              <value>
                <![CDATA[chrome]]>
              </value>
            </param>
          </params>
          <reporter-output>
          </reporter-output>
        </test-method> <!-- setUp -->
        <test-method status="PASS" signature="verifyserviceRemoved(java.lang.String, java.lang.String, java.lang.String)[pri:3, instance:EmpRoleTestCase.EmpserviceTestCase@7a765367]" name="verifyserviceRemoved" duration-ms="791" started-at="2021-02-26T18:08:36 IST" data-provider="RemoveService" finished-at="2021-02-26T18:08:37 IST">
          <params>
            <param index="0">
              <value>
                <![CDATA[Apply Out Of Office]]>
              </value>
            </param>
            <param index="1">
              <value>
                <![CDATA[Service Deleted Successfully]]>
              </value>
            </param>
            <param index="2">
              <value>
                <![CDATA[9]]>
              </value>
            </param>
          </params>
          <reporter-output>
          </reporter-output>
        </test-method> <!-- verifyserviceRemoved -->
        <test-method status="PASS" signature="tearDown(org.testng.ITestResult)[pri:0, instance:EmpRoleTestCase.EmpserviceTestCase@7a765367]" name="tearDown" is-config="true" duration-ms="593" started-at="2021-02-26T18:08:37 IST" finished-at="2021-02-26T18:08:38 IST">
          <params>
            <param index="0">
              <value>
                <![CDATA[[TestResult name=verifyserviceRemoved status=SUCCESS method=EmpserviceTestCase.verifyserviceRemoved(java.lang.String, java.lang.String, java.lang.String)[pri:3, instance:EmpRoleTestCase.EmpserviceTestCase@7a765367] output={null}]]]>
              </value>
            </param>
          </params>
          <reporter-output>
          </reporter-output>
        </test-method> <!-- tearDown -->
        <test-method status="PASS" signature="endReport()[pri:0, instance:EmpRoleTestCase.EmpserviceTestCase@7a765367]" name="endReport" is-config="true" duration-ms="3" started-at="2021-02-26T18:09:59 IST" finished-at="2021-02-26T18:09:59 IST">
          <reporter-output>
          </reporter-output>
        </test-method> <!-- endReport -->
      </class> <!-- EmpRoleTestCase.EmpserviceTestCase -->
      <class name="EmpRoleTestCase.EmpApplyOutOfficeTestCase">
        <test-method status="PASS" signature="setupExtentReport()[pri:0, instance:EmpRoleTestCase.EmpApplyOutOfficeTestCase@3043fe0e]" name="setupExtentReport" is-config="true" duration-ms="0" started-at="2021-02-26T18:07:59 IST" finished-at="2021-02-26T18:07:59 IST">
          <reporter-output>
          </reporter-output>
        </test-method> <!-- setupExtentReport -->
        <test-method status="PASS" signature="setUp(java.lang.String)[pri:0, instance:EmpRoleTestCase.EmpApplyOutOfficeTestCase@3043fe0e]" name="setUp" is-config="true" duration-ms="8413" started-at="2021-02-26T18:09:33 IST" finished-at="2021-02-26T18:09:41 IST">
          <params>
            <param index="0">
              <value>
                <![CDATA[chrome]]>
              </value>
            </param>
          </params>
          <reporter-output>
          </reporter-output>
        </test-method> <!-- setUp -->
        <test-method status="PASS" signature="verifyApplyOutOffice(java.lang.String, java.lang.String, java.lang.String, java.lang.String, java.lang.String, java.lang.String, java.lang.String, java.lang.String, java.lang.String)[pri:1, instance:EmpRoleTestCase.EmpApplyOutOfficeTestCase@3043fe0e]" name="verifyApplyOutOffice" duration-ms="4257" started-at="2021-02-26T18:09:41 IST" data-provider="ApplyOutOffice" finished-at="2021-02-26T18:09:46 IST">
          <params>
            <param index="0">
              <value>
                <![CDATA[Mar]]>
              </value>
            </param>
            <param index="1">
              <value>
                <![CDATA[30]]>
              </value>
            </param>
            <param index="2">
              <value>
                <![CDATA[Mar]]>
              </value>
            </param>
            <param index="3">
              <value>
                <![CDATA[30]]>
              </value>
            </param>
            <param index="4">
              <value>
                <![CDATA[9842568382]]>
              </value>
            </param>
            <param index="5">
              <value>
                <![CDATA[Chennai]]>
              </value>
            </param>
            <param index="6">
              <value>
                <![CDATA[Firstname_49 LastName_49]]>
              </value>
            </param>
            <param index="7">
              <value>
                <![CDATA[OutOfOffice]]>
              </value>
            </param>
            <param index="8">
              <value>
                <![CDATA[Your out of office request has been submitted successfully.]]>
              </value>
            </param>
          </params>
          <reporter-output>
          </reporter-output>
        </test-method> <!-- verifyApplyOutOffice -->
        <test-method status="PASS" signature="tearDown(org.testng.ITestResult)[pri:0, instance:EmpRoleTestCase.EmpApplyOutOfficeTestCase@3043fe0e]" name="tearDown" is-config="true" duration-ms="609" started-at="2021-02-26T18:09:46 IST" finished-at="2021-02-26T18:09:46 IST">
          <params>
            <param index="0">
              <value>
                <![CDATA[[TestResult name=verifyApplyOutOffice status=SUCCESS method=EmpApplyOutOfficeTestCase.verifyApplyOutOffice(java.lang.String, java.lang.String, java.lang.String, java.lang.String, java.lang.String, java.lang.String, java.lang.String, java.lang.String, java.lang.String)[pri:1, instance:EmpRoleTestCase.EmpApplyOutOfficeTestCase@3043fe0e] output={null}]]]>
              </value>
            </param>
          </params>
          <reporter-output>
          </reporter-output>
        </test-method> <!-- tearDown -->
        <test-method status="PASS" signature="setUp(java.lang.String)[pri:0, instance:EmpRoleTestCase.EmpApplyOutOfficeTestCase@3043fe0e]" name="setUp" is-config="true" duration-ms="8301" started-at="2021-02-26T18:09:46 IST" finished-at="2021-02-26T18:09:55 IST">
          <params>
            <param index="0">
              <value>
                <![CDATA[chrome]]>
              </value>
            </param>
          </params>
          <reporter-output>
          </reporter-output>
        </test-method> <!-- setUp -->
        <test-method status="PASS" signature="verifyCancelOutOfficeRequest(java.lang.String, java.lang.String, java.lang.String)[pri:2, instance:EmpRoleTestCase.EmpApplyOutOfficeTestCase@3043fe0e]" name="verifyCancelOutOfficeRequest" duration-ms="4009" started-at="2021-02-26T18:09:55 IST" data-provider="CancelOutOffice" finished-at="2021-02-26T18:09:59 IST">
          <params>
            <param index="0">
              <value>
                <![CDATA[Pending]]>
              </value>
            </param>
            <param index="1">
              <value>
                <![CDATA[Tue, Mar 30, 2021]]>
              </value>
            </param>
            <param index="2">
              <value>
                <![CDATA[Your request has been cancelled successfully]]>
              </value>
            </param>
          </params>
          <reporter-output>
          </reporter-output>
        </test-method> <!-- verifyCancelOutOfficeRequest -->
        <test-method status="PASS" signature="tearDown(org.testng.ITestResult)[pri:0, instance:EmpRoleTestCase.EmpApplyOutOfficeTestCase@3043fe0e]" name="tearDown" is-config="true" duration-ms="628" started-at="2021-02-26T18:09:59 IST" finished-at="2021-02-26T18:09:59 IST">
          <params>
            <param index="0">
              <value>
                <![CDATA[[TestResult name=verifyCancelOutOfficeRequest status=SUCCESS method=EmpApplyOutOfficeTestCase.verifyCancelOutOfficeRequest(java.lang.String, java.lang.String, java.lang.String)[pri:2, instance:EmpRoleTestCase.EmpApplyOutOfficeTestCase@3043fe0e] output={null}]]]>
              </value>
            </param>
          </params>
          <reporter-output>
          </reporter-output>
        </test-method> <!-- tearDown -->
        <test-method status="PASS" signature="endReport()[pri:0, instance:EmpRoleTestCase.EmpApplyOutOfficeTestCase@3043fe0e]" name="endReport" is-config="true" duration-ms="1" started-at="2021-02-26T18:09:59 IST" finished-at="2021-02-26T18:09:59 IST">
          <reporter-output>
          </reporter-output>
        </test-method> <!-- endReport -->
      </class> <!-- EmpRoleTestCase.EmpApplyOutOfficeTestCase -->
    </test> <!-- EmpRoleTest -->
  </suite> <!-- Suite -->
</testng-results>
